Determining if the pthread_create exist failed with the following output:
Change Dir: /home/simoneforno/simon_ws/build/CMakeFiles/CMakeTmp

Run Build Command:"/usr/bin/make" "cmTC_33813/fast"
/usr/bin/make -f CMakeFiles/cmTC_33813.dir/build.make CMakeFiles/cmTC_33813.dir/build
make[1]: Entering directory '/home/simoneforno/simon_ws/build/CMakeFiles/CMakeTmp'
Building C object CMakeFiles/cmTC_33813.dir/CheckSymbolExists.c.o
/usr/bin/cc     -o CMakeFiles/cmTC_33813.dir/CheckSymbolExists.c.o   -c /home/simoneforno/simon_ws/build/CMakeFiles/CMakeTmp/CheckSymbolExists.c
Linking C executable cmTC_33813
/usr/bin/cmake -E cmake_link_script CMakeFiles/cmTC_33813.dir/link.txt --verbose=1
/usr/bin/cc       CMakeFiles/cmTC_33813.dir/CheckSymbolExists.c.o  -o cmTC_33813 -rdynamic 
CMakeFiles/cmTC_33813.dir/CheckSymbolExists.c.o: In function `main':
CheckSymbolExists.c:(.text+0x16): undefined reference to `pthread_create'
collect2: error: ld returned 1 exit status
CMakeFiles/cmTC_33813.dir/build.make:97: recipe for target 'cmTC_33813' failed
make[1]: *** [cmTC_33813] Error 1
make[1]: Leaving directory '/home/simoneforno/simon_ws/build/CMakeFiles/CMakeTmp'
Makefile:126: recipe for target 'cmTC_33813/fast' failed
make: *** [cmTC_33813/fast] Error 2

File /home/simoneforno/simon_ws/build/CMakeFiles/CMakeTmp/CheckSymbolExists.c:
/* */
#include <pthread.h>

int main(int argc, char** argv)
{
  (void)argv;
#ifndef pthread_create
  return ((int*)(&pthread_create))[argc];
#else
  (void)argc;
  return 0;
#endif
}

Determining if the function pthread_create exists in the pthreads failed with the following output:
Change Dir: /home/simoneforno/simon_ws/build/CMakeFiles/CMakeTmp

Run Build Command:"/usr/bin/make" "cmTC_d9aea/fast"
/usr/bin/make -f CMakeFiles/cmTC_d9aea.dir/build.make CMakeFiles/cmTC_d9aea.dir/build
make[1]: Entering directory '/home/simoneforno/simon_ws/build/CMakeFiles/CMakeTmp'
Building C object CMakeFiles/cmTC_d9aea.dir/CheckFunctionExists.c.o
/usr/bin/cc    -DCHECK_FUNCTION_EXISTS=pthread_create   -o CMakeFiles/cmTC_d9aea.dir/CheckFunctionExists.c.o   -c /usr/share/cmake-3.5/Modules/CheckFunctionExists.c
Linking C executable cmTC_d9aea
/usr/bin/cmake -E cmake_link_script CMakeFiles/cmTC_d9aea.dir/link.txt --verbose=1
/usr/bin/cc   -DCHECK_FUNCTION_EXISTS=pthread_create    CMakeFiles/cmTC_d9aea.dir/CheckFunctionExists.c.o  -o cmTC_d9aea -rdynamic -lpthreads 
/usr/bin/ld: cannot find -lpthreads
collect2: error: ld returned 1 exit status
CMakeFiles/cmTC_d9aea.dir/build.make:97: recipe for target 'cmTC_d9aea' failed
make[1]: *** [cmTC_d9aea] Error 1
make[1]: Leaving directory '/home/simoneforno/simon_ws/build/CMakeFiles/CMakeTmp'
Makefile:126: recipe for target 'cmTC_d9aea/fast' failed
make: *** [cmTC_d9aea/fast] Error 2


